F:\LANQIAO\矩阵乘法\矩阵乘法1\DEBUG\矩阵乘法1.PCH
F:\LANQIAO\矩阵乘法\矩阵乘法1\DEBUG\STDAFX.OBJ
F:\LANQIAO\矩阵乘法\矩阵乘法1\DEBUG\VC110.PDB
F:\LANQIAO\矩阵乘法\矩阵乘法1\DEBUG\矩阵乘法1.OBJ
F:\lanqiao\矩阵乘法\矩阵乘法1\Debug\stdafx.obj
F:\lanqiao\矩阵乘法\矩阵乘法1\Debug\矩阵乘法1.obj
F:\lanqiao\矩阵乘法\矩阵乘法1\Debug\cl.command.1.tlog
F:\lanqiao\矩阵乘法\矩阵乘法1\Debug\CL.read.1.tlog
F:\lanqiao\矩阵乘法\矩阵乘法1\Debug\CL.write.1.tlog
F:\lanqiao\矩阵乘法\矩阵乘法1\Debug\link-cvtres.read.1.tlog
F:\lanqiao\矩阵乘法\矩阵乘法1\Debug\link-cvtres.write.1.tlog
F:\lanqiao\矩阵乘法\矩阵乘法1\Debug\link-rc.read.1.tlog
F:\lanqiao\矩阵乘法\矩阵乘法1\Debug\link-rc.write.1.tlog
F:\lanqiao\矩阵乘法\矩阵乘法1\Debug\link.22080-cvtres.read.1.tlog
F:\lanqiao\矩阵乘法\矩阵乘法1\Debug\link.22080-cvtres.write.1.tlog
F:\lanqiao\矩阵乘法\矩阵乘法1\Debug\link.22080-rc.read.1.tlog
F:\lanqiao\矩阵乘法\矩阵乘法1\Debug\link.22080-rc.write.1.tlog
F:\lanqiao\矩阵乘法\矩阵乘法1\Debug\link.22080.read.1.tlog
F:\lanqiao\矩阵乘法\矩阵乘法1\Debug\link.22080.write.1.tlog
F:\lanqiao\矩阵乘法\矩阵乘法1\Debug\link.9984-cvtres.read.1.tlog
F:\lanqiao\矩阵乘法\矩阵乘法1\Debug\link.9984-cvtres.write.1.tlog
F:\lanqiao\矩阵乘法\矩阵乘法1\Debug\link.9984-rc.read.1.tlog
F:\lanqiao\矩阵乘法\矩阵乘法1\Debug\link.9984-rc.write.1.tlog
F:\lanqiao\矩阵乘法\矩阵乘法1\Debug\link.9984.read.1.tlog
F:\lanqiao\矩阵乘法\矩阵乘法1\Debug\link.9984.write.1.tlog
F:\lanqiao\矩阵乘法\矩阵乘法1\Debug\link.command.1.tlog
F:\lanqiao\矩阵乘法\矩阵乘法1\Debug\link.read.1.tlog
F:\lanqiao\矩阵乘法\矩阵乘法1\Debug\link.write.1.tlog
F:\lanqiao\矩阵乘法\矩阵乘法1\Debug\矩阵乘法1.pch
F:\lanqiao\矩阵乘法\矩阵乘法1\Debug\vc110.idb
F:\lanqiao\矩阵乘法\矩阵乘法1\Debug\vc110.pdb
F:\lanqiao\矩阵乘法\Debug\矩阵乘法1.pdb
F:\lanqiao\矩阵乘法\Debug\矩阵乘法1.ilk
